Command line invocation:
    /Applications/Xcode.app/Contents/Developer/usr/bin/xcodebuild -workspace App/App.xcworkspace -scheme App -configuration Debug -sdk iphonesimulator -derivedDataPath DerivedData ENABLE_USER_SCRIPT_SANDBOXING=NO

Build settings from command line:
    ENABLE_USER_SCRIPT_SANDBOXING = NO
    SDKROOT = iphonesimulator18.5

--- xcodebuild: WARNING: Using the first of multiple matching destinations:
{ platform:iOS Simulator, id:dvtdevice-DVTiOSDeviceSimulatorPlaceholder-iphonesimulator:placeholder, name:Any iOS Simulator Device }
{ platform:iOS Simulator, arch:arm64, id:1C0274C5-97E6-4370-B080-6145429E80CE, OS:18.6, name:iPad (A16) }
{ platform:iOS Simulator, arch:x86_64, id:1C0274C5-97E6-4370-B080-6145429E80CE, OS:18.6, name:iPad (A16) }
{ platform:iOS Simulator, arch:arm64, id:11CE1BA0-E0E7-4E8A-BE4F-C978B774CDD2, OS:18.6, name:iPad Air 11-inch (M3) }
{ platform:iOS Simulator, arch:x86_64, id:11CE1BA0-E0E7-4E8A-BE4F-C978B774CDD2, OS:18.6, name:iPad Air 11-inch (M3) }
{ platform:iOS Simulator, arch:arm64, id:180D4761-DEAE-4178-9739-339904DDD428, OS:18.6, name:iPad Air 13-inch (M3) }
{ platform:iOS Simulator, arch:x86_64, id:180D4761-DEAE-4178-9739-339904DDD428, OS:18.6, name:iPad Air 13-inch (M3) }
{ platform:iOS Simulator, arch:arm64, id:631462CC-6660-4EDC-AD0F-9D6EA8399A09, OS:18.6, name:iPad Pro 11-inch (M4) }
{ platform:iOS Simulator, arch:x86_64, id:631462CC-6660-4EDC-AD0F-9D6EA8399A09, OS:18.6, name:iPad Pro 11-inch (M4) }
{ platform:iOS Simulator, arch:arm64, id:459E6762-56A3-4FA5-87CC-93C0EC7CC9A5, OS:18.6, name:iPad Pro 13-inch (M4) }
{ platform:iOS Simulator, arch:x86_64, id:459E6762-56A3-4FA5-87CC-93C0EC7CC9A5, OS:18.6, name:iPad Pro 13-inch (M4) }
{ platform:iOS Simulator, arch:arm64, id:3ED47C24-C157-408F-9ACF-225D70E26F18, OS:18.6, name:iPad mini (A17 Pro) }
{ platform:iOS Simulator, arch:x86_64, id:3ED47C24-C157-408F-9ACF-225D70E26F18, OS:18.6, name:iPad mini (A17 Pro) }
{ platform:iOS Simulator, arch:arm64, id:1F614E16-38D1-4E9A-83F6-33DF9091C01C, OS:18.6, name:iPhone 16 }
{ platform:iOS Simulator, arch:x86_64, id:1F614E16-38D1-4E9A-83F6-33DF9091C01C, OS:18.6, name:iPhone 16 }
{ platform:iOS Simulator, arch:arm64, id:2EF0903C-69B7-4C12-878B-9BB25DA7C34F, OS:18.6, name:iPhone 16 Plus }
{ platform:iOS Simulator, arch:x86_64, id:2EF0903C-69B7-4C12-878B-9BB25DA7C34F, OS:18.6, name:iPhone 16 Plus }
{ platform:iOS Simulator, arch:arm64, id:C2C899E1-3B7D-4E58-B6F3-8098278831BD, OS:18.6, name:iPhone 16 Pro }
{ platform:iOS Simulator, arch:x86_64, id:C2C899E1-3B7D-4E58-B6F3-8098278831BD, OS:18.6, name:iPhone 16 Pro }
{ platform:iOS Simulator, arch:arm64, id:DFA0318B-99FA-468A-BF90-DDAB3C34E93D, OS:18.6, name:iPhone 16 Pro Max }
{ platform:iOS Simulator, arch:x86_64, id:DFA0318B-99FA-468A-BF90-DDAB3C34E93D, OS:18.6, name:iPhone 16 Pro Max }
{ platform:iOS Simulator, arch:arm64, id:0967F3E9-D90B-4C27-AF4A-B48373FB3074, OS:18.6, name:iPhone 16e }
{ platform:iOS Simulator, arch:x86_64, id:0967F3E9-D90B-4C27-AF4A-B48373FB3074, OS:18.6, name:iPhone 16e }
{ platform:macOS, arch:arm64, variant:Designed for [iPad,iPhone], id:00008103-001148681E3B001E, name:My Mac }
{ platform:iOS, id:dvtdevice-DVTiPhonePlaceholder-iphoneos:placeholder, name:Any iOS Device }
ComputePackagePrebuildTargetDependencyGraph

Prepare packages

CreateBuildRequest

SendProjectDescription

CreateBuildOperation

ComputeTargetDependencyGraph
note: Building targets in dependency order
note: Target dependency graph (4 targets)
    Target 'App' in project 'App'
        ➜ Implicit dependency on target 'Pods-App' in project 'Pods' via file 'Pods_App.framework' in build phase 'Link Binary'
        ➜ Implicit dependency on target 'Capacitor' in project 'Pods' via options '-framework Capacitor' in build setting 'OTHER_LDFLAGS'
        ➜ Implicit dependency on target 'CapacitorCordova' in project 'Pods' via options '-framework Cordova' in build setting 'OTHER_LDFLAGS'
    Target 'Pods-App' in project 'Pods'
        ➜ Explicit dependency on target 'Capacitor' in project 'Pods'
        ➜ Explicit dependency on target 'CapacitorCordova' in project 'Pods'
    Target 'Capacitor' in project 'Pods'
        ➜ Explicit dependency on target 'CapacitorCordova' in project 'Pods'
    Target 'CapacitorCordova' in project 'Pods' (no dependencies)

GatherProvisioningInputs

CreateBuildDescription

ClangStatCache /Applications/Xcode.app/Contents/Developer/Toolchains/XcodeDefault.xctoolchain/usr/bin/clang-stat-cache /Applications/Xcode.app/Contents/Developer/Platforms/iPhoneSimulator.platform/Developer/SDKs/iPhoneSimulator18.5.sdk /Users/christopher/Documents/SSClean/StrainSpotter_Starter_Integrated_v5/ios/DerivedData/SDKStatCaches.noindex/iphonesimulator18.5-22F76-d5fc8ad4295d2ef488fb7d0f804ce0c4.sdkstatcache
    cd /Users/christopher/Documents/SSClean/StrainSpotter_Starter_Integrated_v5/ios/App
    /Applications/Xcode.app/Contents/Developer/Toolchains/XcodeDefault.xctoolchain/usr/bin/clang-stat-cache /Applications/Xcode.app/Contents/Developer/Platforms/iPhoneSimulator.platform/Developer/SDKs/iPhoneSimulator18.5.sdk -o /Users/christopher/Documents/SSClean/StrainSpotter_Starter_Integrated_v5/ios/DerivedData/SDKStatCaches.noindex/iphonesimulator18.5-22F76-d5fc8ad4295d2ef488fb7d0f804ce0c4.sdkstatcache

note: Run script build phase '[CP] Embed Pods Frameworks' will be run during every build because the option to run the script phase "Based on dependency analysis" is unchecked. (in target 'App' from project 'App')
CpResource /Users/christopher/Documents/SSClean/StrainSpotter_Starter_Integrated_v5/ios/DerivedData/Build/Products/Debug-iphonesimulator/App.app/public /Users/christopher/Documents/SSClean/StrainSpotter_Starter_Integrated_v5/ios/App/App/public (in target 'App' from project 'App')
    cd /Users/christopher/Documents/SSClean/StrainSpotter_Starter_Integrated_v5/ios/App
    builtin-copy -exclude .DS_Store -exclude CVS -exclude .svn -exclude .git -exclude .hg -resolve-src-symlinks /Users/christopher/Documents/SSClean/StrainSpotter_Starter_Integrated_v5/ios/App/App/public /Users/christopher/Documents/SSClean/StrainSpotter_Starter_Integrated_v5/ios/DerivedData/Build/Products/Debug-iphonesimulator/App.app

CpResource /Users/christopher/Documents/SSClean/StrainSpotter_Starter_Integrated_v5/ios/DerivedData/Build/Products/Debug-iphonesimulator/App.app/capacitor.config.json /Users/christopher/Documents/SSClean/StrainSpotter_Starter_Integrated_v5/ios/App/App/capacitor.config.json (in target 'App' from project 'App')
    cd /Users/christopher/Documents/SSClean/StrainSpotter_Starter_Integrated_v5/ios/App
    builtin-copy -exclude .DS_Store -exclude CVS -exclude .svn -exclude .git -exclude .hg -resolve-src-symlinks /Users/christopher/Documents/SSClean/StrainSpotter_Starter_Integrated_v5/ios/App/App/capacitor.config.json /Users/christopher/Documents/SSClean/StrainSpotter_Starter_Integrated_v5/ios/DerivedData/Build/Products/Debug-iphonesimulator/App.app

CpResource /Users/christopher/Documents/SSClean/StrainSpotter_Starter_Integrated_v5/ios/DerivedData/Build/Products/Debug-iphonesimulator/App.app/config.xml /Users/christopher/Documents/SSClean/StrainSpotter_Starter_Integrated_v5/ios/App/App/config.xml (in target 'App' from project 'App')
    cd /Users/christopher/Documents/SSClean/StrainSpotter_Starter_Integrated_v5/ios/App
    builtin-copy -exclude .DS_Store -exclude CVS -exclude .svn -exclude .git -exclude .hg -resolve-src-symlinks /Users/christopher/Documents/SSClean/StrainSpotter_Starter_Integrated_v5/ios/App/App/config.xml /Users/christopher/Documents/SSClean/StrainSpotter_Starter_Integrated_v5/ios/DerivedData/Build/Products/Debug-iphonesimulator/App.app

PhaseScriptExecution [CP]\ Embed\ Pods\ Frameworks /Users/christopher/Documents/SSClean/StrainSpotter_Starter_Integrated_v5/ios/DerivedData/Build/Intermediates.noindex/App.build/Debug-iphonesimulator/App.build/Script-DEE4B30B408D76F2E74E1029.sh (in target 'App' from project 'App')
    cd /Users/christopher/Documents/SSClean/StrainSpotter_Starter_Integrated_v5/ios/App
    /bin/sh -c /Users/christopher/Documents/SSClean/StrainSpotter_Starter_Integrated_v5/ios/DerivedData/Build/Intermediates.noindex/App.build/Debug-iphonesimulator/App.build/Script-DEE4B30B408D76F2E74E1029.sh
mkdir -p /Users/christopher/Documents/SSClean/StrainSpotter_Starter_Integrated_v5/ios/DerivedData/Build/Products/Debug-iphonesimulator/App.app/Frameworks
rsync --delete -av --filter P .*.?????? --links --filter "- CVS/" --filter "- .svn/" --filter "- .git/" --filter "- .hg/" --filter "- Headers" --filter "- PrivateHeaders" --filter "- Modules" "/Users/christopher/Documents/SSClean/StrainSpotter_Starter_Integrated_v5/ios/DerivedData/Build/Products/Debug-iphonesimulator/Capacitor/Capacitor.framework" "/Users/christopher/Documents/SSClean/StrainSpotter_Starter_Integrated_v5/ios/DerivedData/Build/Products/Debug-iphonesimulator/App.app/Frameworks"
Transfer starting: 5 files

sent 442 bytes  received 20 bytes  149032 bytes/sec
total size is 3999369  speedup is 8656.62
Code Signing /Users/christopher/Documents/SSClean/StrainSpotter_Starter_Integrated_v5/ios/DerivedData/Build/Products/Debug-iphonesimulator/App.app/Frameworks/Capacitor.framework with Identity Sign to Run Locally
/usr/bin/codesign --force --sign -  --preserve-metadata=identifier,entitlements '/Users/christopher/Documents/SSClean/StrainSpotter_Starter_Integrated_v5/ios/DerivedData/Build/Products/Debug-iphonesimulator/App.app/Frameworks/Capacitor.framework'
/Users/christopher/Documents/SSClean/StrainSpotter_Starter_Integrated_v5/ios/DerivedData/Build/Products/Debug-iphonesimulator/App.app/Frameworks/Capacitor.framework: replacing existing signature
/Users/christopher/Documents/SSClean/StrainSpotter_Starter_Integrated_v5/ios/DerivedData/Build/Products/Debug-iphonesimulator/App.app/Frameworks/Capacitor.framework: resource fork, Finder information, or similar detritus not allowed
Command PhaseScriptExecution failed with a nonzero exit code

** BUILD FAILED **


The following build commands failed:
	PhaseScriptExecution [CP]\ Embed\ Pods\ Frameworks /Users/christopher/Documents/SSClean/StrainSpotter_Starter_Integrated_v5/ios/DerivedData/Build/Intermediates.noindex/App.build/Debug-iphonesimulator/App.build/Script-DEE4B30B408D76F2E74E1029.sh (in target 'App' from project 'App')
	Building workspace App with scheme App and configuration Debug
(2 failures)
